<?xml version="1.0" encoding="UTF-8"?>
<testsuites>
  <testsuite name="fastlane.lanes">
    
    
    
      
      <testcase classname="fastlane.lanes" name="0: default_platform" time="0.000202">
        
      </testcase>
    
      
      <testcase classname="fastlane.lanes" name="1: flutter packages get" time="2.323146">
        
      </testcase>
    
      
      <testcase classname="fastlane.lanes" name="2: flutter clean" time="3.248269">
        
      </testcase>
    
      
      <testcase classname="fastlane.lanes" name="3: flutter build appbundle --build-number\=1" time="4.621042">
        
          <failure message="/Library/Ruby/Gems/2.6.0/gems/fastlane-2.180.1/fastlane/lib/fastlane/actions/actions_helper.rb:67:in `execute_action'&#10;/Library/Ruby/Gems/2.6.0/gems/fastlane-2.180.1/fastlane/lib/fastlane/fast_file.rb:222:in `sh'&#10;/Library/Ruby/Gems/2.6.0/gems/fastlane-2.180.1/fastlane/lib/fastlane/fast_file.rb:216:in `sh'&#10;Fastfile:29:in `block (3 levels) in parsing_binding'&#10;Fastfile:26:in `chdir'&#10;Fastfile:26:in `block (2 levels) in parsing_binding'&#10;/Library/Ruby/Gems/2.6.0/gems/fastlane-2.180.1/fastlane/lib/fastlane/lane.rb:33:in `call'&#10;/Library/Ruby/Gems/2.6.0/gems/fastlane-2.180.1/fastlane/lib/fastlane/runner.rb:49:in `block in execute'&#10;/Library/Ruby/Gems/2.6.0/gems/fastlane-2.180.1/fastlane/lib/fastlane/runner.rb:45:in `chdir'&#10;/Library/Ruby/Gems/2.6.0/gems/fastlane-2.180.1/fastlane/lib/fastlane/runner.rb:45:in `execute'&#10;/Library/Ruby/Gems/2.6.0/gems/fastlane-2.180.1/fastlane/lib/fastlane/lane_manager.rb:47:in `cruise_lane'&#10;/Library/Ruby/Gems/2.6.0/gems/fastlane-2.180.1/fastlane/lib/fastlane/command_line_handler.rb:36:in `handle'&#10;/Library/Ruby/Gems/2.6.0/gems/fastlane-2.180.1/fastlane/lib/fastlane/commands_generator.rb:108:in `block (2 levels) in run'&#10;/Library/Ruby/Gems/2.6.0/gems/commander-fastlane-4.4.6/lib/commander/command.rb:178:in `call'&#10;/Library/Ruby/Gems/2.6.0/gems/commander-fastlane-4.4.6/lib/commander/command.rb:153:in `run'&#10;/Library/Ruby/Gems/2.6.0/gems/commander-fastlane-4.4.6/lib/commander/runner.rb:476:in `run_active_command'&#10;/Library/Ruby/Gems/2.6.0/gems/fastlane-2.180.1/fastlane_core/lib/fastlane_core/ui/fastlane_runner.rb:76:in `run!'&#10;/Library/Ruby/Gems/2.6.0/gems/commander-fastlane-4.4.6/lib/commander/delegates.rb:15:in `run!'&#10;/Library/Ruby/Gems/2.6.0/gems/fastlane-2.180.1/fastlane/lib/fastlane/commands_generator.rb:352:in `run'&#10;/Library/Ruby/Gems/2.6.0/gems/fastlane-2.180.1/fastlane/lib/fastlane/commands_generator.rb:41:in `start'&#10;/Library/Ruby/Gems/2.6.0/gems/fastlane-2.180.1/fastlane/lib/fastlane/cli_tools_distributor.rb:122:in `take_off'&#10;/Library/Ruby/Gems/2.6.0/gems/fastlane-2.180.1/bin/fastlane:23:in `&lt;top (required)&gt;'&#10;/usr/local/bin/fastlane:23:in `load'&#10;/usr/local/bin/fastlane:23:in `&lt;main&gt;'&#10;&#10;Exit status of command 'flutter build appbundle --build-number\=1' was 1 instead of 0.&#10;Running &quot;flutter pub get&quot; in the_daily_quote...                    753ms&#10;&#10;Building without sound null safety&#10;For more information see https://dart.dev/null-safety/unsound-null-safety&#10;&#10;Running Gradle task 'bundleRelease'...                          &#10;&#10;&#10;FAILURE: Build failed with an exception.&#10;&#10;&#10;&#10;* Where:&#10;&#10;Build file '/Users/yusseftoutenge/Documents/projetos/flutter/the_daily_quote/android/app/build.gradle' line: 50&#10;&#10;&#10;&#10;* What went wrong:&#10;&#10;A problem occurred evaluating project ':app'.&#10;&#10;&gt; Could not get unknown property 'keystoreProperties' for SigningConfig_Decorated{name=release, storeFile=null, storePassword=null, keyAlias=null, keyPassword=null, storeType=jks, v1SigningEnabled=true, v2SigningEnabled=true} of type com.android.build.gradle.internal.dsl.SigningConfig.&#10;&#10;&#10;&#10;* Try:&#10;&#10;Run with --stacktrace option to get the stack trace. Run with --info or --debug option to get more log output. Run with --scan to get full insights.&#10;&#10;&#10;&#10;* Get more help at https://help.gradle.org&#10;&#10;&#10;&#10;BUILD FAILED in 1s&#10;Running Gradle task 'bundleRelease'...                           2.253ms&#10;Gradle task bundleRelease failed with exit code 1&#10;" />
        
      </testcase>
    
  </testsuite>
</testsuites>
